Flow report for sistem
Sat Dec 29 12:59:49 2012
Quartus II Version 9.0 Build 132 02/25/2009 SJ Full Version


---------------------
; Table of Contents ;
---------------------
  1. Legal Notice
  2. Flow Summary
  3. Flow Settings
  4. Flow Non-Default Global Settings
  5. Flow Elapsed Time
  6. Flow OS Summary
  7. Flow Log



----------------
; Legal Notice ;
----------------
Copyright (C) 1991-2009 Altera Corporation
Your use of Altera Corporation's design tools, logic functions 
and other software and tools, and its AMPP partner logic 
functions, and any output files from any of the foregoing 
(including device programming or simulation files), and any 
associated documentation or information are expressly subject 
to the terms and conditions of the Altera Program License 
Subscription Agreement, Altera MegaCore Function License 
Agreement, or other applicable license agreement, including, 
without limitation, that your use is for the sole purpose of 
programming logic devices manufactured by Altera and sold by 
Altera or its authorized distributors.  Please refer to the 
applicable agreement for further details.



+-------------------------------------------------------------------------------+
; Flow Summary                                                                  ;
+------------------------------------+------------------------------------------+
; Flow Status                        ; Successful - Sat Dec 29 12:59:49 2012    ;
; Quartus II Version                 ; 9.0 Build 132 02/25/2009 SJ Full Version ;
; Revision Name                      ; sistem                                   ;
; Top-level Entity Name              ; sistem                                   ;
; Family                             ; Cyclone II                               ;
; Device                             ; EP2C70F896C6                             ;
; Timing Models                      ; Final                                    ;
; Met timing requirements            ; Yes                                      ;
; Total logic elements               ; 393 / 68,416 ( < 1 % )                   ;
;     Total combinational functions  ; 393 / 68,416 ( < 1 % )                   ;
;     Dedicated logic registers      ; 220 / 68,416 ( < 1 % )                   ;
; Total registers                    ; 220                                      ;
; Total pins                         ; 428 / 622 ( 69 % )                       ;
; Total virtual pins                 ; 0                                        ;
; Total memory bits                  ; 22,528 / 1,152,000 ( 2 % )               ;
; Embedded Multiplier 9-bit elements ; 0 / 300 ( 0 % )                          ;
; Total PLLs                         ; 0 / 4 ( 0 % )                            ;
+------------------------------------+------------------------------------------+


+-----------------------------------------+
; Flow Settings                           ;
+-------------------+---------------------+
; Option            ; Setting             ;
+-------------------+---------------------+
; Start date & time ; 12/29/2012 12:59:01 ;
; Main task         ; Compilation         ;
; Revision Name     ; sistem              ;
+-------------------+---------------------+


+-----------------------------------------------------------------------------------------------------------------------------------+
; Flow Non-Default Global Settings                                                                                                  ;
+------------------------------------+------------------------------+--------------------------------+-------------+----------------+
; Assignment Name                    ; Value                        ; Default Value                  ; Entity Name ; Section Id     ;
+------------------------------------+------------------------------+--------------------------------+-------------+----------------+
; COMPILER_SIGNATURE_ID              ; 121368766016.135676074102180 ; --                             ; --          ; --             ;
; IP_TOOL_NAME                       ; FIFO                         ; --                             ; --          ; --             ;
; IP_TOOL_NAME                       ; FIFO                         ; --                             ; --          ; --             ;
; IP_TOOL_NAME                       ; FIFO                         ; --                             ; --          ; --             ;
; IP_TOOL_NAME                       ; FIFO                         ; --                             ; --          ; --             ;
; IP_TOOL_NAME                       ; FIFO                         ; --                             ; --          ; --             ;
; IP_TOOL_NAME                       ; FIFO                         ; --                             ; --          ; --             ;
; IP_TOOL_NAME                       ; FIFO                         ; --                             ; --          ; --             ;
; IP_TOOL_NAME                       ; FIFO                         ; --                             ; --          ; --             ;
; IP_TOOL_NAME                       ; FIFO                         ; --                             ; --          ; --             ;
; IP_TOOL_VERSION                    ; 9.0                          ; --                             ; --          ; --             ;
; IP_TOOL_VERSION                    ; 9.0                          ; --                             ; --          ; --             ;
; IP_TOOL_VERSION                    ; 9.0                          ; --                             ; --          ; --             ;
; IP_TOOL_VERSION                    ; 9.0                          ; --                             ; --          ; --             ;
; IP_TOOL_VERSION                    ; 9.0                          ; --                             ; --          ; --             ;
; IP_TOOL_VERSION                    ; 9.0                          ; --                             ; --          ; --             ;
; IP_TOOL_VERSION                    ; 9.0                          ; --                             ; --          ; --             ;
; IP_TOOL_VERSION                    ; 9.0                          ; --                             ; --          ; --             ;
; IP_TOOL_VERSION                    ; 9.0                          ; --                             ; --          ; --             ;
; MAX_CORE_JUNCTION_TEMP             ; 85                           ; --                             ; --          ; --             ;
; MIN_CORE_JUNCTION_TEMP             ; 0                            ; --                             ; --          ; --             ;
; MISC_FILE                          ; fifo2Im_bb.v                 ; --                             ; --          ; --             ;
; MISC_FILE                          ; fifo1a_bb.v                  ; --                             ; --          ; --             ;
; MISC_FILE                          ; fifo1b_bb.v                  ; --                             ; --          ; --             ;
; MISC_FILE                          ; fifo2Re_bb.v                 ; --                             ; --          ; --             ;
; MISC_FILE                          ; fifo3Im_bb.v                 ; --                             ; --          ; --             ;
; MISC_FILE                          ; fifo3Re_bb.v                 ; --                             ; --          ; --             ;
; MISC_FILE                          ; fifo4a_bb.v                  ; --                             ; --          ; --             ;
; MISC_FILE                          ; fifo4b_bb.v                  ; --                             ; --          ; --             ;
; MISC_FILE                          ; fifo5_bb.v                   ; --                             ; --          ; --             ;
; NUM_PARALLEL_PROCESSORS            ; All                          ; --                             ; --          ; --             ;
; OPTIMIZE_HOLD_TIMING               ; Off                          ; IO Paths and Minimum TPD Paths ; --          ; --             ;
; PARTITION_COLOR                    ; 16764057                     ; --                             ; --          ; Top            ;
; PARTITION_NETLIST_TYPE             ; SOURCE                       ; --                             ; --          ; Top            ;
; USE_GENERATED_PHYSICAL_CONSTRAINTS ; Off                          ; --                             ; --          ; eda_blast_fpga ;
+------------------------------------+------------------------------+--------------------------------+-------------+----------------+


+-----------------------------------------------------------------------------------------------------------------------------+
; Flow Elapsed Time                                                                                                           ;
+-------------------------+--------------+-------------------------+---------------------+------------------------------------+
; Module Name             ; Elapsed Time ; Average Processors Used ; Peak Virtual Memory ; Total CPU Time (on all processors) ;
+-------------------------+--------------+-------------------------+---------------------+------------------------------------+
; Analysis & Synthesis    ; 00:00:06     ; 1.0                     ; 189 MB              ; 00:00:06                           ;
; Fitter                  ; 00:00:24     ; 1.0                     ; 323 MB              ; 00:00:23                           ;
; Assembler               ; 00:00:09     ; 1.0                     ; 281 MB              ; 00:00:08                           ;
; Classic Timing Analyzer ; 00:00:01     ; 1.0                     ; 133 MB              ; 00:00:01                           ;
; Total                   ; 00:00:40     ; --                      ; --                  ; 00:00:38                           ;
+-------------------------+--------------+-------------------------+---------------------+------------------------------------+


+---------------------------------------------------------------------------------------+
; Flow OS Summary                                                                       ;
+-------------------------+------------------+------------+------------+----------------+
; Module Name             ; Machine Hostname ; OS Name    ; OS Version ; Processor type ;
+-------------------------+------------------+------------+------------+----------------+
; Analysis & Synthesis    ; abduh-57ddfdbb0  ; Windows XP ; 5.1        ; i686           ;
; Fitter                  ; abduh-57ddfdbb0  ; Windows XP ; 5.1        ; i686           ;
; Assembler               ; abduh-57ddfdbb0  ; Windows XP ; 5.1        ; i686           ;
; Classic Timing Analyzer ; abduh-57ddfdbb0  ; Windows XP ; 5.1        ; i686           ;
+-------------------------+------------------+------------+------------+----------------+


------------
; Flow Log ;
------------
quartus_map --read_settings_files=on --write_settings_files=off sistem -c sistem
quartus_fit --read_settings_files=off --write_settings_files=off sistem -c sistem
quartus_asm --read_settings_files=off --write_settings_files=off sistem -c sistem
quartus_tan --read_settings_files=off --write_settings_files=off sistem -c sistem --timing_analysis_only



